current directory: /home/nico/Documents/test/railsfriends/.gems/ruby/2.7.0/gems/bootsnap-1.5.1/ext/bootsnap
/home/nico/.rbenv/versions/2.7.0/bin/ruby -I /home/nico/.rbenv/versions/2.7.0/lib/ruby/2.7.0 -r ./siteconf20210407-21784-2gepk8.rb extconf.rb
creating Makefile

current directory: /home/nico/Documents/test/railsfriends/.gems/ruby/2.7.0/gems/bootsnap-1.5.1/ext/bootsnap
make "DESTDIR=" clean

current directory: /home/nico/Documents/test/railsfriends/.gems/ruby/2.7.0/gems/bootsnap-1.5.1/ext/bootsnap
make "DESTDIR="
compiling bootsnap.c
bootsnap.c: In function ‘bs_cache_path’:
bootsnap.c:277:39: warning: format ‘%llx’ expects argument of type ‘long long unsigned int’, but argument 5 has type ‘uint64_t’ {aka ‘long unsigned int’} [-Wformat=]
  277 |   sprintf(*cache_path, "%s/%02x/%014llx", cachedir, first_byte, remainder);
      |                                 ~~~~~~^                         ~~~~~~~~~
      |                                       |                         |
      |                                       long long unsigned int    uint64_t {aka long unsigned int}
      |                                 %014lx
bootsnap.c: At top level:
cc1: warning: unrecognized command line option ‘-Wno-self-assign’
cc1: warning: unrecognized command line option ‘-Wno-parentheses-equality’
cc1: warning: unrecognized command line option ‘-Wno-constant-logical-operand’
linking shared-object bootsnap/bootsnap.so

current directory: /home/nico/Documents/test/railsfriends/.gems/ruby/2.7.0/gems/bootsnap-1.5.1/ext/bootsnap
make "DESTDIR=" install
/usr/bin/install -c -m 0755 bootsnap.so ./.gem.20210407-21784-1do4agc/bootsnap
